<?xml version="1.0" encoding="UTF-8"?>
<testsuites name="jest tests" tests="8" failures="0" time="4.434">
  <testsuite name="Styleguide-SitecoreContext.vue" errors="0" failures="0" skipped="0" timestamp="2020-02-10T09:33:51" time="1.052" tests="1">
    <testcase classname="Styleguide-SitecoreContext.vue renders props.fields when passed" name="Styleguide-SitecoreContext.vue renders props.fields when passed" time="0.069">
    </testcase>
  </testsuite>
  <testsuite name="Styleguide-Layout.vue" errors="0" failures="0" skipped="0" timestamp="2020-02-10T09:33:52" time="1.067" tests="1">
    <testcase classname="Styleguide-Layout.vue Sections render" name="Styleguide-Layout.vue Sections render" time="0.068">
    </testcase>
  </testsuite>
  <testsuite name="Styleguide-Sitection.vue" errors="0" failures="0" skipped="0" timestamp="2020-02-10T09:33:52" time="1.116" tests="1">
    <testcase classname="Styleguide-Sitection.vue renders props.fields when passed" name="Styleguide-Sitection.vue renders props.fields when passed" time="0.057">
    </testcase>
  </testsuite>
  <testsuite name="Styleguide-Multilingual.vue" errors="0" failures="0" skipped="0" timestamp="2020-02-10T09:33:51" time="1.315" tests="1">
    <testcase classname="Styleguide-Multilingual.vue renders props.fields when passed" name="Styleguide-Multilingual.vue renders props.fields when passed" time="0.074">
    </testcase>
  </testsuite>
  <testsuite name="Styleguide-Specimen.vue" errors="0" failures="0" skipped="0" timestamp="2020-02-10T09:33:53" time="0.232" tests="1">
    <testcase classname="Styleguide-Specimen.vue renders props.fields when passed" name="Styleguide-Specimen.vue renders props.fields when passed" time="0.019">
    </testcase>
  </testsuite>
  <testsuite name="ContentBlock.vue" errors="0" failures="0" skipped="0" timestamp="2020-02-10T09:33:51" time="1.372" tests="1">
    <testcase classname="ContentBlock.vue renders props.fields when passed" name="ContentBlock.vue renders props.fields when passed" time="0.026">
    </testcase>
  </testsuite>
  <testsuite name="Styleguide-RouteFields.vue" errors="0" failures="0" skipped="0" timestamp="2020-02-10T09:33:52" time="1.164" tests="1">
    <testcase classname="Styleguide-RouteFields.vue renders props.fields when passed" name="Styleguide-RouteFields.vue renders props.fields when passed" time="0.037">
    </testcase>
  </testsuite>
  <testsuite name="Styleguide-Layout-Tabs.vue" errors="0" failures="0" skipped="0" timestamp="2020-02-10T09:33:52" time="1.646" tests="1">
    <testcase classname="Styleguide-Layout-Tabs.vue base component is rendered" name="Styleguide-Layout-Tabs.vue base component is rendered" time="0.024">
    </testcase>
  </testsuite>
</testsuites>