<?xml version="1.0" encoding="UTF-8"?>
<testsuites name="jest tests" tests="8" failures="0" time="4.133">
  <testsuite name="Styleguide-Layout-Tabs.vue" errors="0" failures="0" skipped="0" timestamp="2020-02-06T14:36:34" time="1.199" tests="1">
    <testcase classname="Styleguide-Layout-Tabs.vue Sections render" name="Styleguide-Layout-Tabs.vue Sections render" time="0.025">
    </testcase>
  </testsuite>
  <testsuite name="Styleguide-Multilingual.vue" errors="0" failures="0" skipped="0" timestamp="2020-02-06T14:36:35" time="0.101" tests="1">
    <testcase classname="Styleguide-Multilingual.vue renders props.fields when passed" name="Styleguide-Multilingual.vue renders props.fields when passed" time="0.012">
    </testcase>
  </testsuite>
  <testsuite name="Styleguide-RouteFields.vue" errors="0" failures="0" skipped="0" timestamp="2020-02-06T14:36:36" time="0.083" tests="1">
    <testcase classname="Styleguide-RouteFields.vue renders props.fields when passed" name="Styleguide-RouteFields.vue renders props.fields when passed" time="0.009">
    </testcase>
  </testsuite>
  <testsuite name="Styleguide-Layout.vue" errors="0" failures="0" skipped="0" timestamp="2020-02-06T14:36:36" time="0.075" tests="1">
    <testcase classname="Styleguide-Layout.vue Sections render" name="Styleguide-Layout.vue Sections render" time="0.012">
    </testcase>
  </testsuite>
  <testsuite name="Styleguide-SitecoreContext.vue" errors="0" failures="0" skipped="0" timestamp="2020-02-06T14:36:36" time="0.07" tests="1">
    <testcase classname="Styleguide-SitecoreContext.vue renders props.fields when passed" name="Styleguide-SitecoreContext.vue renders props.fields when passed" time="0.008">
    </testcase>
  </testsuite>
  <testsuite name="Styleguide-Sitection.vue" errors="0" failures="0" skipped="0" timestamp="2020-02-06T14:36:36" time="0.065" tests="1">
    <testcase classname="Styleguide-Sitection.vue renders props.fields when passed" name="Styleguide-Sitection.vue renders props.fields when passed" time="0.006">
    </testcase>
  </testsuite>
  <testsuite name="ContentBlock.vue" errors="0" failures="0" skipped="0" timestamp="2020-02-06T14:36:36" time="0.062" tests="1">
    <testcase classname="ContentBlock.vue renders props.fields when passed" name="ContentBlock.vue renders props.fields when passed" time="0.005">
    </testcase>
  </testsuite>
  <testsuite name="Styleguide-Specimen.vue" errors="0" failures="0" skipped="0" timestamp="2020-02-06T14:36:36" time="0.06" tests="1">
    <testcase classname="Styleguide-Specimen.vue renders props.fields when passed" name="Styleguide-Specimen.vue renders props.fields when passed" time="0.011">
    </testcase>
  </testsuite>
</testsuites>